app/build/intermediates/manifest_merge_blame_file/debug/processDebugMainManifest/manifest-merger-blame-debug-report.txt
1<?xml version="1.0" encoding="utf-8"?>
2<manifest xmlns:android="http://schemas.android.com/apk/res/android"
3    package="com.dojomovie.app"
4    android:versionCode="1"
5    android:versionName="1.0" >
6
7    <uses-sdk
8        android:minSdkVersion="24"
9        android:targetSdkVersion="35" />
10
11    <uses-permission android:name="android.permission.INTERNET" />
11-->src\main\AndroidManifest.xml:5:5-67
11-->src\main\AndroidManifest.xml:5:22-64
12    <uses-permission android:name="android.permission.ACCESS_NETWORK_STATE" />
12-->src\main\AndroidManifest.xml:6:5-79
12-->src\main\AndroidManifest.xml:6:22-76
13    <uses-permission android:name="android.permission.ACCESS_FINE_LOCATION" />
13-->src\main\AndroidManifest.xml:7:5-79
13-->src\main\AndroidManifest.xml:7:22-76
14    <uses-permission android:name="android.permission.ACCESS_COARSE_LOCATION" />
14-->src\main\AndroidManifest.xml:8:5-81
14-->src\main\AndroidManifest.xml:8:22-78
15    <uses-permission android:name="android.permission.SEND_SMS" />
15-->src\main\AndroidManifest.xml:9:5-67
15-->src\main\AndroidManifest.xml:9:22-64
16
17    <uses-feature
17-->[com.google.android.gms:play-services-maps:19.2.0] AndroidManifest.xml:22:5-24:33
18        android:glEsVersion="0x00020000"
18-->[com.google.android.gms:play-services-maps:19.2.0] AndroidManifest.xml:23:8-40
19        android:required="true" />
19-->[com.google.android.gms:play-services-maps:19.2.0] AndroidManifest.xml:24:8-31
20
21    <queries>
21-->[com.google.android.gms:play-services-maps:19.2.0] AndroidManifest.xml:27:5-30:15
22
23        <!-- Needs to be explicitly declared on Android R+ -->
24        <package android:name="com.google.android.apps.maps" />
24-->[com.google.android.gms:play-services-maps:19.2.0] AndroidManifest.xml:29:7-61
24-->[com.google.android.gms:play-services-maps:19.2.0] AndroidManifest.xml:29:16-59
25    </queries>
26
27    <permission
27-->[androidx.core:core:1.16.0] AndroidManifest.xml:22:5-24:47
28        android:name="com.dojomovie.app.DYNAMIC_RECEIVER_NOT_EXPORTED_PERMISSION"
28-->[androidx.core:core:1.16.0] AndroidManifest.xml:23:9-81
29        android:protectionLevel="signature" />
29-->[androidx.core:core:1.16.0] AndroidManifest.xml:24:9-44
30
31    <uses-permission android:name="com.dojomovie.app.DYNAMIC_RECEIVER_NOT_EXPORTED_PERMISSION" />
31-->[androidx.core:core:1.16.0] AndroidManifest.xml:26:5-97
31-->[androidx.core:core:1.16.0] AndroidManifest.xml:26:22-94
32
33    <application
33-->src\main\AndroidManifest.xml:11:5-75:19
34        android:name="com.dojomovie.DoJoMovieApplication"
34-->src\main\AndroidManifest.xml:12:9-45
35        android:allowBackup="true"
35-->src\main\AndroidManifest.xml:13:9-35
36        android:appComponentFactory="androidx.core.app.CoreComponentFactory"
36-->[androidx.core:core:1.16.0] AndroidManifest.xml:28:18-86
37        android:dataExtractionRules="@xml/data_extraction_rules"
37-->src\main\AndroidManifest.xml:14:9-65
38        android:debuggable="true"
39        android:extractNativeLibs="false"
40        android:fullBackupContent="@xml/backup_rules"
40-->src\main\AndroidManifest.xml:15:9-54
41        android:icon="@mipmap/ic_launcher"
41-->src\main\AndroidManifest.xml:16:9-43
42        android:label="@string/app_name"
42-->src\main\AndroidManifest.xml:17:9-41
43        android:roundIcon="@mipmap/ic_launcher_round"
43-->src\main\AndroidManifest.xml:18:9-54
44        android:supportsRtl="true"
44-->src\main\AndroidManifest.xml:19:9-35
45        android:testOnly="true"
46        android:theme="@style/Base.Theme.DoJoMovie" >
46-->src\main\AndroidManifest.xml:20:9-52
47
48        <!-- Google Maps API Key -->
49        <meta-data
49-->src\main\AndroidManifest.xml:24:9-26:56
50            android:name="com.google.android.geo.API_KEY"
50-->src\main\AndroidManifest.xml:25:13-58
51            android:value="YOUR_GOOGLE_MAPS_API_KEY" />
51-->src\main\AndroidManifest.xml:26:13-53
52
53        <!-- Activities -->
54        <activity
54-->src\main\AndroidManifest.xml:29:9-37:20
55            android:name="com.dojomovie.activities.SplashActivity"
55-->src\main\AndroidManifest.xml:30:13-54
56            android:exported="true"
56-->src\main\AndroidManifest.xml:31:13-36
57            android:theme="@style/Theme.DoJoMovie.Splash" >
57-->src\main\AndroidManifest.xml:32:13-58
58            <intent-filter>
58-->src\main\AndroidManifest.xml:33:13-36:29
59                <action android:name="android.intent.action.MAIN" />
59-->src\main\AndroidManifest.xml:34:17-69
59-->src\main\AndroidManifest.xml:34:25-66
60
61                <category android:name="android.intent.category.LAUNCHER" />
61-->src\main\AndroidManifest.xml:35:17-77
61-->src\main\AndroidManifest.xml:35:27-74
62            </intent-filter>
63        </activity>
64        <activity
64-->src\main\AndroidManifest.xml:39:9-43:52
65            android:name="com.dojomovie.activities.LoginActivity"
65-->src\main\AndroidManifest.xml:40:13-53
66            android:exported="false"
66-->src\main\AndroidManifest.xml:41:13-37
67            android:screenOrientation="portrait"
67-->src\main\AndroidManifest.xml:43:13-49
68            android:theme="@style/Theme.DoJoMovie" />
68-->src\main\AndroidManifest.xml:42:13-51
69        <activity
69-->src\main\AndroidManifest.xml:45:9-49:52
70            android:name="com.dojomovie.activities.RegisterActivity"
70-->src\main\AndroidManifest.xml:46:13-56
71            android:exported="false"
71-->src\main\AndroidManifest.xml:47:13-37
72            android:screenOrientation="portrait"
72-->src\main\AndroidManifest.xml:49:13-49
73            android:theme="@style/Theme.DoJoMovie" />
73-->src\main\AndroidManifest.xml:48:13-51
74        <activity
74-->src\main\AndroidManifest.xml:51:9-55:52
75            android:name="com.dojomovie.activities.OTPActivity"
75-->src\main\AndroidManifest.xml:52:13-51
76            android:exported="false"
76-->src\main\AndroidManifest.xml:53:13-37
77            android:screenOrientation="portrait"
77-->src\main\AndroidManifest.xml:55:13-49
78            android:theme="@style/Theme.DoJoMovie" />
78-->src\main\AndroidManifest.xml:54:13-51
79        <activity
79-->src\main\AndroidManifest.xml:57:9-61:52
80            android:name="com.dojomovie.activities.MainActivity"
80-->src\main\AndroidManifest.xml:58:13-52
81            android:exported="false"
81-->src\main\AndroidManifest.xml:59:13-37
82            android:screenOrientation="portrait"
82-->src\main\AndroidManifest.xml:61:13-49
83            android:theme="@style/Theme.DoJoMovie.NoActionBar" />
83-->src\main\AndroidManifest.xml:60:13-63
84        <activity
84-->src\main\AndroidManifest.xml:63:9-67:52
85            android:name="com.dojomovie.activities.DetailFilmActivity"
85-->src\main\AndroidManifest.xml:64:13-58
86            android:exported="false"
86-->src\main\AndroidManifest.xml:65:13-37
87            android:screenOrientation="portrait"
87-->src\main\AndroidManifest.xml:67:13-49
88            android:theme="@style/Theme.DoJoMovie" />
88-->src\main\AndroidManifest.xml:66:13-51
89        <activity
89-->src\main\AndroidManifest.xml:69:9-73:52
90            android:name="com.dojomovie.activities.HistoryActivity"
90-->src\main\AndroidManifest.xml:70:13-55
91            android:exported="false"
91-->src\main\AndroidManifest.xml:71:13-37
92            android:screenOrientation="portrait"
92-->src\main\AndroidManifest.xml:73:13-49
93            android:theme="@style/Theme.DoJoMovie" />
93-->src\main\AndroidManifest.xml:72:13-51
94
95        <provider
95-->[androidx.emoji2:emoji2:1.3.0] AndroidManifest.xml:24:9-32:20
96            android:name="androidx.startup.InitializationProvider"
96-->[androidx.emoji2:emoji2:1.3.0] AndroidManifest.xml:25:13-67
97            android:authorities="com.dojomovie.app.androidx-startup"
97-->[androidx.emoji2:emoji2:1.3.0] AndroidManifest.xml:26:13-68
98            android:exported="false" >
98-->[androidx.emoji2:emoji2:1.3.0] AndroidManifest.xml:27:13-37
99            <meta-data
99-->[androidx.emoji2:emoji2:1.3.0] AndroidManifest.xml:29:13-31:52
100                android:name="androidx.emoji2.text.EmojiCompatInitializer"
100-->[androidx.emoji2:emoji2:1.3.0] AndroidManifest.xml:30:17-75
101                android:value="androidx.startup" />
101-->[androidx.emoji2:emoji2:1.3.0] AndroidManifest.xml:31:17-49
102            <meta-data
102-->[androidx.lifecycle:lifecycle-process:2.8.7] AndroidManifest.xml:29:13-31:52
103                android:name="androidx.lifecycle.ProcessLifecycleInitializer"
103-->[androidx.lifecycle:lifecycle-process:2.8.7] AndroidManifest.xml:30:17-78
104                android:value="androidx.startup" />
104-->[androidx.lifecycle:lifecycle-process:2.8.7] AndroidManifest.xml:31:17-49
105            <meta-data
105-->[androidx.profileinstaller:profileinstaller:1.4.0] AndroidManifest.xml:29:13-31:52
106                android:name="androidx.profileinstaller.ProfileInstallerInitializer"
106-->[androidx.profileinstaller:profileinstaller:1.4.0] AndroidManifest.xml:30:17-85
107                android:value="androidx.startup" />
107-->[androidx.profileinstaller:profileinstaller:1.4.0] AndroidManifest.xml:31:17-49
108        </provider> <!-- Needs to be explicitly declared on P+ -->
109        <uses-library
109-->[com.google.android.gms:play-services-maps:19.2.0] AndroidManifest.xml:33:7-86
110            android:name="org.apache.http.legacy"
110-->[com.google.android.gms:play-services-maps:19.2.0] AndroidManifest.xml:33:21-58
111            android:required="false" />
111-->[com.google.android.gms:play-services-maps:19.2.0] AndroidManifest.xml:33:59-83
112
113        <activity
113-->[com.google.android.gms:play-services-base:18.5.0] AndroidManifest.xml:5:9-173
114            android:name="com.google.android.gms.common.api.GoogleApiActivity"
114-->[com.google.android.gms:play-services-base:18.5.0] AndroidManifest.xml:5:19-85
115            android:exported="false"
115-->[com.google.android.gms:play-services-base:18.5.0] AndroidManifest.xml:5:146-170
116            android:theme="@android:style/Theme.Translucent.NoTitleBar" />
116-->[com.google.android.gms:play-services-base:18.5.0] AndroidManifest.xml:5:86-145
117
118        <meta-data
118-->[com.google.android.gms:play-services-basement:18.4.0] AndroidManifest.xml:6:9-122
119            android:name="com.google.android.gms.version"
119-->[com.google.android.gms:play-services-basement:18.4.0] AndroidManifest.xml:6:20-65
120            android:value="@integer/google_play_services_version" />
120-->[com.google.android.gms:play-services-basement:18.4.0] AndroidManifest.xml:6:66-119
121
122        <uses-library
122-->[androidx.window:window:1.0.0] AndroidManifest.xml:25:9-27:40
123            android:name="androidx.window.extensions"
123-->[androidx.window:window:1.0.0] AndroidManifest.xml:26:13-54
124            android:required="false" />
124-->[androidx.window:window:1.0.0] AndroidManifest.xml:27:13-37
125        <uses-library
125-->[androidx.window:window:1.0.0] AndroidManifest.xml:28:9-30:40
126            android:name="androidx.window.sidecar"
126-->[androidx.window:window:1.0.0] AndroidManifest.xml:29:13-51
127            android:required="false" />
127-->[androidx.window:window:1.0.0] AndroidManifest.xml:30:13-37
128
129        <receiver
129-->[androidx.profileinstaller:profileinstaller:1.4.0] AndroidManifest.xml:34:9-52:20
130            android:name="androidx.profileinstaller.ProfileInstallReceiver"
130-->[androidx.profileinstaller:profileinstaller:1.4.0] AndroidManifest.xml:35:13-76
131            android:directBootAware="false"
131-->[androidx.profileinstaller:profileinstaller:1.4.0] AndroidManifest.xml:36:13-44
132            android:enabled="true"
132-->[androidx.profileinstaller:profileinstaller:1.4.0] AndroidManifest.xml:37:13-35
133            android:exported="true"
133-->[androidx.profileinstaller:profileinstaller:1.4.0] AndroidManifest.xml:38:13-36
134            android:permission="android.permission.DUMP" >
134-->[androidx.profileinstaller:profileinstaller:1.4.0] AndroidManifest.xml:39:13-57
135            <intent-filter>
135-->[androidx.profileinstaller:profileinstaller:1.4.0] AndroidManifest.xml:40:13-42:29
136                <action android:name="androidx.profileinstaller.action.INSTALL_PROFILE" />
136-->[androidx.profileinstaller:profileinstaller:1.4.0] AndroidManifest.xml:41:17-91
136-->[androidx.profileinstaller:profileinstaller:1.4.0] AndroidManifest.xml:41:25-88
137            </intent-filter>
138            <intent-filter>
138-->[androidx.profileinstaller:profileinstaller:1.4.0] AndroidManifest.xml:43:13-45:29
139                <action android:name="androidx.profileinstaller.action.SKIP_FILE" />
139-->[androidx.profileinstaller:profileinstaller:1.4.0] AndroidManifest.xml:44:17-85
139-->[androidx.profileinstaller:profileinstaller:1.4.0] AndroidManifest.xml:44:25-82
140            </intent-filter>
141            <intent-filter>
141-->[androidx.profileinstaller:profileinstaller:1.4.0] AndroidManifest.xml:46:13-48:29
142                <action android:name="androidx.profileinstaller.action.SAVE_PROFILE" />
142-->[androidx.profileinstaller:profileinstaller:1.4.0] AndroidManifest.xml:47:17-88
142-->[androidx.profileinstaller:profileinstaller:1.4.0] AndroidManifest.xml:47:25-85
143            </intent-filter>
144            <intent-filter>
144-->[androidx.profileinstaller:profileinstaller:1.4.0] AndroidManifest.xml:49:13-51:29
145                <action android:name="androidx.profileinstaller.action.BENCHMARK_OPERATION" />
145-->[androidx.profileinstaller:profileinstaller:1.4.0] AndroidManifest.xml:50:17-95
145-->[androidx.profileinstaller:profileinstaller:1.4.0] AndroidManifest.xml:50:25-92
146            </intent-filter>
147        </receiver>
148    </application>
149
150</manifest>